c:\src\git\sample2d\sample2d\debug\sample2d.pch
c:\src\git\sample2d\sample2d\debug\vc120.pdb
c:\src\git\sample2d\sample2d\debug\vc120.idb
c:\src\git\sample2d\sample2d\debug\precomp.obj
c:\src\git\sample2d\sample2d\debug\application.obj
c:\src\git\sample2d\sample2d\debug\body.obj
c:\src\git\sample2d\sample2d\debug\collision.obj
c:\src\git\sample2d\sample2d\debug\game.obj
c:\src\git\sample2d\sample2d\debug\gameobject.obj
c:\src\git\sample2d\sample2d\debug\manifold.obj
c:\src\git\sample2d\sample2d\debug\physicsworld.obj
c:\src\git\sample2d\sample2d\debug\shape.obj
c:\src\git\sample2d\sample2d\debug\spritebatch.obj
c:\src\git\sample2d\sample2d\debug\spritebatch2.obj
c:\src\git\sample2d\sample2d\debug\texture.obj
c:\src\git\sample2d\sample2d\debug\gjk.obj
c:\src\git\sample2d\sample2d\spritebatch2vs.h
c:\src\git\sample2d\debug\spritebatch2vs.cso
c:\src\git\sample2d\sample2d\spritebatchvs.h
c:\src\git\sample2d\debug\spritebatchvs.cso
c:\src\git\sample2d\sample2d\spritebatchps.h
c:\src\git\sample2d\debug\spritebatchps.cso
c:\src\git\sample2d\debug\sample2d.ilk
c:\src\git\sample2d\debug\sample2d.exe
c:\src\git\sample2d\debug\sample2d.pdb
c:\src\git\sample2d\sample2d\debug\sample2d.tlog\cl.command.1.tlog
c:\src\git\sample2d\sample2d\debug\sample2d.tlog\cl.read.1.tlog
c:\src\git\sample2d\sample2d\debug\sample2d.tlog\cl.write.1.tlog
c:\src\git\sample2d\sample2d\debug\sample2d.tlog\fxc.command.1.tlog
c:\src\git\sample2d\sample2d\debug\sample2d.tlog\fxc.read.1.tlog
c:\src\git\sample2d\sample2d\debug\sample2d.tlog\fxc.write.1.tlog
c:\src\git\sample2d\sample2d\debug\sample2d.tlog\link.command.1.tlog
c:\src\git\sample2d\sample2d\debug\sample2d.tlog\link.read.1.tlog
c:\src\git\sample2d\sample2d\debug\sample2d.tlog\link.write.1.tlog
c:\src\git\sample2d\sample2d\debug\sample2d.tlog\sample2d.write.1u.tlog
