Build started 1/2/2015 9:26:18 PM.
     1>Project "C:\Src\Git\Sample2D\Sample2D\Sample2D.vcxproj" on node 2 (Rebuild target(s)).
     1>FxCompile:
         C:\Program Files (x86)\Windows Kits\8.1\bin\x86\fxc.exe /nologo /E"main" /T vs_4_0 /Fh "SpriteBatch2VS.h" /Fo "C:\Src\Git\Sample2D\Debug\SpriteBatch2VS.cso" /Vn "SpriteBatch2VS" /Od /Zi SpriteBatch2VS.hlsl 
         compilation header save succeeded; see C:\Src\Git\Sample2D\Sample2D\SpriteBatch2VS.h
         compilation object save succeeded; see C:\Src\Git\Sample2D\Debug\SpriteBatch2VS.cso
         C:\Program Files (x86)\Windows Kits\8.1\bin\x86\fxc.exe /nologo /E"main" /T ps_4_0 /Fh "SpriteBatchPS.h" /Fo "C:\Src\Git\Sample2D\Debug\SpriteBatchPS.cso" /Vn "SpriteBatchPS" /Od /Zi SpriteBatchPS.hlsl 
         compilation header save succeeded; see C:\Src\Git\Sample2D\Sample2D\SpriteBatchPS.h
         compilation object save succeeded; see C:\Src\Git\Sample2D\Debug\SpriteBatchPS.cso
         C:\Program Files (x86)\Windows Kits\8.1\bin\x86\fxc.exe /nologo /E"main" /T vs_4_0 /Fh "SpriteBatchVS.h" /Fo "C:\Src\Git\Sample2D\Debug\SpriteBatchVS.cso" /Vn "SpriteBatchVS" /Od /Zi SpriteBatchVS.hlsl 
         compilation header save succeeded; see C:\Src\Git\Sample2D\Sample2D\SpriteBatchVS.h
         compilation object save succeeded; see C:\Src\Git\Sample2D\Debug\SpriteBatchVS.cso
       ClCompile:
         C:\Program Files (x86)\Microsoft Visual Studio 12.0\VC\bin\CL.exe /c /ZI /nologo /W4 /WX /sdl /Od /Oy- /D WIN32 /D _DEBUG /D _WINDOWS /D _UNICODE /D UNICODE /Gm /EHsc /RTC1 /MDd /GS /fp:precise /Zc:wchar_t /Zc:forScope /Yc"Precomp.h" /Fp"Debug\Sample2D.pch" /Fo"Debug\\" /Fd"Debug\vc120.pdb" /Gd /TP /analyze- /errorReport:prompt Precomp.cpp
         Precomp.cpp
         C:\Program Files (x86)\Microsoft Visual Studio 12.0\VC\bin\CL.exe /c /ZI /nologo /W4 /WX /sdl /Od /Oy- /D WIN32 /D _DEBUG /D _WINDOWS /D _UNICODE /D UNICODE /Gm /EHsc /RTC1 /MDd /GS /fp:precise /Zc:wchar_t /Zc:forScope /Yu"Precomp.h" /Fp"Debug\Sample2D.pch" /Fo"Debug\\" /Fd"Debug\vc120.pdb" /Gd /TP /analyze- /errorReport:prompt Application.cpp Body.cpp Collision.cpp Game.cpp GameObject.cpp Manifold.cpp PhysicsWorld.cpp Shape.cpp SpriteBatch.cpp SpriteBatch2.cpp Texture.cpp
         Texture.cpp
         SpriteBatch2.cpp
         SpriteBatch.cpp
         Shape.cpp
         PhysicsWorld.cpp
         Manifold.cpp
         GameObject.cpp
         Game.cpp
         Collision.cpp
         Body.cpp
         Application.cpp
         Generating Code...
       Link:
         C:\Program Files (x86)\Microsoft Visual Studio 12.0\VC\bin\link.exe /ERRORREPORT:PROMPT /OUT:"C:\Src\Git\Sample2D\Debug\Sample2D.exe" /INCREMENTAL /NOLOGO d3d11.lib kernel32.lib user32.lib gdi32.lib winspool.lib comdlg32.lib advapi32.lib shell32.lib ole32.lib oleaut32.lib uuid.lib odbc32.lib odbccp32.lib kernel32.lib user32.lib gdi32.lib winspool.lib comdlg32.lib advapi32.lib shell32.lib ole32.lib oleaut32.lib uuid.lib odbc32.lib odbccp32.lib /MANIFEST /MANIFESTUAC:"level='asInvoker' uiAccess='false'" /manifest:embed /DEBUG /PDB:"C:\Src\Git\Sample2D\Debug\Sample2D.pdb" /SUBSYSTEM:WINDOWS /TLBID:1 /DYNAMICBASE /NXCOMPAT /IMPLIB:"C:\Src\Git\Sample2D\Debug\Sample2D.lib" /MACHINE:X86 Debug\Application.obj
         Debug\Body.obj
         Debug\Collision.obj
         Debug\Game.obj
         Debug\GameObject.obj
         Debug\Manifold.obj
         Debug\PhysicsWorld.obj
         Debug\Precomp.obj
         Debug\Shape.obj
         Debug\SpriteBatch.obj
         Debug\SpriteBatch2.obj
         Debug\Texture.obj
         Sample2D.vcxproj -> C:\Src\Git\Sample2D\Debug\Sample2D.exe
     1>Done Building Project "C:\Src\Git\Sample2D\Sample2D\Sample2D.vcxproj" (Rebuild target(s)).

Build succeeded.

Time Elapsed 00:00:03.07
