c:\src\git\sample2d\sample2d\release\vc120.pdb
c:\src\git\sample2d\sample2d\release\texture.obj
c:\src\git\sample2d\sample2d\release\spritebatch2.obj
c:\src\git\sample2d\sample2d\release\spritebatch.obj
c:\src\git\sample2d\sample2d\release\shape.obj
c:\src\git\sample2d\sample2d\release\physicsworld.obj
c:\src\git\sample2d\sample2d\release\manifold.obj
c:\src\git\sample2d\sample2d\release\gameobject.obj
c:\src\git\sample2d\sample2d\release\game.obj
c:\src\git\sample2d\sample2d\release\collision.obj
c:\src\git\sample2d\sample2d\release\body.obj
c:\src\git\sample2d\sample2d\release\application.obj
c:\src\git\sample2d\sample2d\release\sample2d.pch
c:\src\git\sample2d\sample2d\release\precomp.obj
c:\src\git\sample2d\sample2d\release\gjk.obj
c:\src\git\sample2d\sample2d\spritebatch2vs.h
c:\src\git\sample2d\release\spritebatch2vs.cso
c:\src\git\sample2d\sample2d\spritebatchps.h
c:\src\git\sample2d\release\spritebatchps.cso
c:\src\git\sample2d\sample2d\spritebatchvs.h
c:\src\git\sample2d\release\spritebatchvs.cso
c:\src\git\sample2d\release\sample2d.exe
c:\src\git\sample2d\release\sample2d.pdb
c:\src\git\sample2d\sample2d\release\sample2d.tlog\cl.command.1.tlog
c:\src\git\sample2d\sample2d\release\sample2d.tlog\cl.read.1.tlog
c:\src\git\sample2d\sample2d\release\sample2d.tlog\cl.write.1.tlog
c:\src\git\sample2d\sample2d\release\sample2d.tlog\fxc.command.1.tlog
c:\src\git\sample2d\sample2d\release\sample2d.tlog\fxc.read.1.tlog
c:\src\git\sample2d\sample2d\release\sample2d.tlog\fxc.write.1.tlog
c:\src\git\sample2d\sample2d\release\sample2d.tlog\link.command.1.tlog
c:\src\git\sample2d\sample2d\release\sample2d.tlog\link.read.1.tlog
c:\src\git\sample2d\sample2d\release\sample2d.tlog\link.write.1.tlog
c:\src\git\sample2d\sample2d\release\sample2d.tlog\sample2d.write.1u.tlog
